<?xml version="1.0" encoding="UTF-8"?>
<!-- Generated by org.testng.reporters.JUnitXMLReporter -->
<testsuite ignored="0" hostname="SAMEER-PC" failures="0" tests="15" name="Default test" time="0.109" errors="0" timestamp="2021-05-15T21:42:32 IST">
  <testcase classname="TestNg.Test2" name="p1" time="0.013"/>
  <testcase classname="TestNg.Test2" name="p2" time="0.002"/>
  <testcase classname="TestNg.Test2" name="p3" time="0.002"/>
  <testcase classname="TestNg.TestEx" name="first" time="0.002"/>
  <testcase classname="TestNg.TestEx" name="good" time="0.001"/>
  <testcase classname="TestNg.TestEx" name="egg" time="0.002"/>
  <testcase classname="TestNg.TestEx" name="add" time="0.001"/>
  <testcase classname="TestNg.TestEx" name="jkl" time="0.002"/>
  <testcase classname="TestNg.TestEx" name="bcd" time="0.002"/>
  <testcase classname="TestNg.Test3" name="q1" time="0.001"/>
  <testcase classname="TestNg.Test3" name="q2" time="0.001"/>
  <testcase classname="TestNg.Test3" name="q3" time="0.002"/>
  <testcase classname="TestNg.Test4" name="r1" time="0.001"/>
  <testcase classname="TestNg.Test4" name="r2" time="0.0"/>
  <testcase classname="TestNg.Test4" name="r3" time="0.001"/>
</testsuite> <!-- Default test -->
