<?xml version="1.0" encoding="UTF-8"?>
<!-- Generated by org.testng.reporters.JUnitXMLReporter -->
<testsuite ignored="1" hostname="SAMEER-PC" failures="0" tests="11" name="Test" time="0.095" errors="0" timestamp="2021-05-15T21:34:41 IST">
  <testcase classname="TestNg.TestEx" name="first" time="0.01"/>
  <testcase classname="TestNg.TestEx" name="good" time="0.002"/>
  <testcase classname="TestNg.TestEx" name="egg" time="0.002"/>
  <testcase classname="TestNg.TestEx" name="add" time="0.002"/>
  <testcase classname="TestNg.TestEx" name="jkl" time="0.002"/>
  <testcase classname="TestNg.TestEx" name="bcd" time="0.001"/>
  <testcase classname="TestNg.Test2" name="p1" time="0.002"/>
  <testcase classname="TestNg.Test2" name="p2" time="0.002"/>
  <testcase classname="TestNg.Test2" name="p3" time="0.002"/>
  <testcase classname="TestNg.Test3" name="q1" time="0.002"/>
  <testcase classname="TestNg.Test3" name="q3" time="0.002"/>
  <testcase classname="TestNg.Test3" name="q2" time="0.0">
    <ignored/>
  </testcase> <!-- q2 -->
</testsuite> <!-- Test -->
