<?xml version="1.0" encoding="UTF-8"?>
<testng-results ignored="0" total="15" passed="15" failed="0" skipped="0">
  <reporter-output>
  </reporter-output>
  <suite started-at="2021-05-15T21:42:32 IST" name="Default suite" finished-at="2021-05-15T21:42:32 IST" duration-ms="109">
    <groups>
    </groups>
    <test started-at="2021-05-15T21:42:32 IST" name="Default test" finished-at="2021-05-15T21:42:32 IST" duration-ms="109">
      <class name="TestNg.TestEx">
        <test-method signature="first()[pri:0, instance:TestNg.TestEx@865dd6]" started-at="2021-05-15T21:42:32 IST" name="first" finished-at="2021-05-15T21:42:32 IST" duration-ms="2" status="PASS">
          <reporter-output>
          </reporter-output>
        </test-method> <!-- first -->
        <test-method signature="good()[pri:1, instance:TestNg.TestEx@865dd6]" started-at="2021-05-15T21:42:32 IST" name="good" finished-at="2021-05-15T21:42:32 IST" duration-ms="1" status="PASS">
          <reporter-output>
          </reporter-output>
        </test-method> <!-- good -->
        <test-method signature="egg()[pri:2, instance:TestNg.TestEx@865dd6]" started-at="2021-05-15T21:42:32 IST" name="egg" finished-at="2021-05-15T21:42:32 IST" duration-ms="2" status="PASS">
          <reporter-output>
          </reporter-output>
        </test-method> <!-- egg -->
        <test-method signature="add()[pri:3, instance:TestNg.TestEx@865dd6]" started-at="2021-05-15T21:42:32 IST" name="add" finished-at="2021-05-15T21:42:32 IST" duration-ms="1" status="PASS">
          <reporter-output>
          </reporter-output>
        </test-method> <!-- add -->
        <test-method signature="jkl()[pri:4, instance:TestNg.TestEx@865dd6]" started-at="2021-05-15T21:42:32 IST" name="jkl" finished-at="2021-05-15T21:42:32 IST" duration-ms="2" status="PASS">
          <reporter-output>
          </reporter-output>
        </test-method> <!-- jkl -->
        <test-method signature="bcd()[pri:5, instance:TestNg.TestEx@865dd6]" started-at="2021-05-15T21:42:32 IST" name="bcd" finished-at="2021-05-15T21:42:32 IST" duration-ms="2" status="PASS">
          <reporter-output>
          </reporter-output>
        </test-method> <!-- bcd -->
      </class> <!-- TestNg.TestEx -->
      <class name="TestNg.Test2">
        <test-method signature="p1()[pri:0, instance:TestNg.Test2@1649b0e6]" started-at="2021-05-15T21:42:32 IST" name="p1" finished-at="2021-05-15T21:42:32 IST" duration-ms="13" status="PASS">
          <reporter-output>
          </reporter-output>
        </test-method> <!-- p1 -->
        <test-method signature="p2()[pri:0, instance:TestNg.Test2@1649b0e6]" started-at="2021-05-15T21:42:32 IST" name="p2" finished-at="2021-05-15T21:42:32 IST" duration-ms="2" status="PASS">
          <reporter-output>
          </reporter-output>
        </test-method> <!-- p2 -->
        <test-method signature="p3()[pri:0, instance:TestNg.Test2@1649b0e6]" started-at="2021-05-15T21:42:32 IST" name="p3" finished-at="2021-05-15T21:42:32 IST" duration-ms="2" status="PASS">
          <reporter-output>
          </reporter-output>
        </test-method> <!-- p3 -->
      </class> <!-- TestNg.Test2 -->
      <class name="TestNg.Test3">
        <test-method signature="q1()[pri:0, instance:TestNg.Test3@4da4253]" started-at="2021-05-15T21:42:32 IST" name="q1" finished-at="2021-05-15T21:42:32 IST" duration-ms="1" status="PASS">
          <reporter-output>
          </reporter-output>
        </test-method> <!-- q1 -->
        <test-method signature="q2()[pri:0, instance:TestNg.Test3@4da4253]" started-at="2021-05-15T21:42:32 IST" name="q2" finished-at="2021-05-15T21:42:32 IST" duration-ms="1" status="PASS">
          <reporter-output>
          </reporter-output>
        </test-method> <!-- q2 -->
        <test-method signature="q3()[pri:0, instance:TestNg.Test3@4da4253]" started-at="2021-05-15T21:42:32 IST" name="q3" finished-at="2021-05-15T21:42:32 IST" duration-ms="2" status="PASS">
          <reporter-output>
          </reporter-output>
        </test-method> <!-- q3 -->
      </class> <!-- TestNg.Test3 -->
      <class name="TestNg.Test4">
        <test-method signature="r1()[pri:0, instance:TestNg.Test4@3972a855]" started-at="2021-05-15T21:42:32 IST" name="r1" finished-at="2021-05-15T21:42:32 IST" duration-ms="1" status="PASS">
          <reporter-output>
          </reporter-output>
        </test-method> <!-- r1 -->
        <test-method signature="r2()[pri:0, instance:TestNg.Test4@3972a855]" started-at="2021-05-15T21:42:32 IST" name="r2" finished-at="2021-05-15T21:42:32 IST" duration-ms="0" status="PASS">
          <reporter-output>
          </reporter-output>
        </test-method> <!-- r2 -->
        <test-method signature="r3()[pri:0, instance:TestNg.Test4@3972a855]" started-at="2021-05-15T21:42:32 IST" name="r3" finished-at="2021-05-15T21:42:32 IST" duration-ms="1" status="PASS">
          <reporter-output>
          </reporter-output>
        </test-method> <!-- r3 -->
      </class> <!-- TestNg.Test4 -->
    </test> <!-- Default test -->
  </suite> <!-- Default suite -->
</testng-results>
